<?xml version="1.0" encoding="UTF-8"?>
<!-- Generated by org.testng.reporters.JUnitReportReporter -->
<testsuite hostname="DESKTOP-JPIFOPI" failures="0" tests="1" name="pom.TC01" time="6.295" errors="0" timestamp="2022-10-29T09:57:18 PDT" skipped="0">
  <testcase classname="pom.TC01" name="varfyLogin" time="6.295"/>
  <system-out/>
</testsuite> <!-- pom.TC01 -->
