<?xml version="1.0" encoding="UTF-8"?>
<!-- Generated by org.testng.reporters.JUnitReportReporter -->
<testsuite hostname="DESKTOP-JPIFOPI" failures="0" tests="4" name="testNGPractice.VarifyAllTestCases" time="35.553" errors="0" timestamp="2022-10-30T10:03:38 PDT" skipped="0">
  <testcase classname="testNGPractice.VarifyAllTestCases" name="VarifyLogin" time="5.825"/>
  <system-out/>
  <testcase classname="testNGPractice.VarifyAllTestCases" name="VarifyLogin" time="8.404"/>
  <system-out/>
  <testcase classname="testNGPractice.VarifyAllTestCases" name="addToCartallProducts" time="12.396"/>
  <system-out/>
  <testcase classname="testNGPractice.VarifyAllTestCases" name="varifyLogOut" time="8.928"/>
  <system-out/>
</testsuite> <!-- testNGPractice.VarifyAllTestCases -->
