<?xml version="1.0" encoding="UTF-8"?>
<!-- Generated by org.testng.reporters.JUnitReportReporter -->
<testsuite hostname="DESKTOP-JPIFOPI" failures="0" tests="1" name="testNGPractice.VarifyProductSelect" time="12.914" errors="0" timestamp="2022-11-02T01:05:27 PDT" skipped="0">
  <testcase classname="testNGPractice.VarifyProductSelect" name="varifyProduct" time="12.914"/>
  <system-out/>
</testsuite> <!-- testNGPractice.VarifyProductSelect -->
