<?xml version="1.0" encoding="UTF-8"?>
<!-- Generated by org.testng.reporters.JUnitReportReporter -->
<testsuite hostname="DESKTOP-JPIFOPI" failures="0" tests="1" name="testNGPractice.VarifyLogoutFunctionality" time="8.431" errors="0" timestamp="2022-11-03T04:39:27 PDT" skipped="0">
  <testcase classname="testNGPractice.VarifyLogoutFunctionality" name="varifyLogOut" time="8.431"/>
  <system-out/>
</testsuite> <!-- testNGPractice.VarifyLogoutFunctionality -->
